<?xml version="1.0" encoding="UTF-8"?>
<testsuite xmlns:xsi="http://www.w3.org/2001/XMLSchema-instance" xsi:noNamespaceSchemaLocation="https://maven.apache.org/surefire/maven-surefire-plugin/xsd/surefire-test-report.xsd" name="com.whu.hyper_parameters.HyperParametersTest" time="0.116" tests="2" errors="0" skipped="0" failures="0">
  <properties>
[...]
</properties>
  <testcase name="testSelectHyperParametersByAlgorithmIdNoData" classname="com.whu.hyper_parameters.HyperParametersTest" time="0.036"/>
  <testcase name="testSelectHyperParametersByAlgorithmIdHasData" classname="com.whu.hyper_parameters.HyperParametersTest" time="0.066"/>
</testsuite>